<?xml version="1.0" encoding="UTF-8"?>
<!-- Generated by org.testng.reporters.JUnitReportReporter -->
<testsuite hostname="DESKTOP-0SMHA22" failures="0" tests="1" name="StepDefinition.TestRunner" time="6.442" errors="0" timestamp="2022-06-15T17:27:29 IST" skipped="0">
  <testcase classname="StepDefinition.TestRunner" name="runScenario" time="6.442"/>
  <system-out/>
</testsuite> <!-- StepDefinition.TestRunner -->
